SF:lib\screens\evaluaciones_screen.dart
DA:12,1
DA:15,1
DA:16,1
DA:25,1
DA:27,1
DA:28,3
DA:29,3
DA:31,4
DA:32,4
DA:36,1
DA:37,3
DA:38,1
DA:39,1
DA:40,3
DA:41,0
DA:43,1
DA:44,1
DA:45,0
DA:46,1
DA:47,0
DA:51,1
DA:52,2
DA:53,1
DA:54,0
DA:55,0
DA:59,0
DA:60,0
DA:61,0
DA:64,0
DA:65,0
DA:67,0
DA:68,0
DA:69,0
DA:74,0
DA:77,0
DA:83,0
DA:92,0
DA:100,0
DA:101,0
DA:102,0
DA:104,0
DA:105,0
DA:106,0
DA:116,0
DA:117,0
DA:118,0
DA:119,0
DA:124,0
DA:125,0
DA:126,0
DA:127,0
DA:129,0
DA:133,0
DA:144,1
DA:146,1
DA:147,1
DA:149,3
DA:150,1
DA:151,1
DA:155,0
DA:156,0
DA:158,0
DA:162,0
DA:163,0
DA:164,0
DA:167,0
DA:168,0
DA:174,0
DA:175,0
DA:176,0
DA:177,0
DA:178,0
DA:183,1
DA:184,1
DA:185,1
DA:187,1
DA:193,0
DA:196,1
DA:198,1
DA:199,1
DA:200,1
DA:202,2
DA:203,0
DA:206,1
DA:208,2
DA:209,0
DA:210,0
DA:213,1
DA:215,2
DA:216,0
DA:217,0
DA:222,1
DA:223,1
DA:224,2
DA:225,1
DA:226,2
DA:227,1
DA:228,1
DA:230,1
DA:231,1
DA:232,0
DA:235,0
DA:236,0
DA:237,0
DA:238,0
DA:239,0
DA:240,0
DA:242,0
DA:244,0
DA:246,0
DA:247,0
DA:248,0
DA:249,0
DA:250,0
DA:251,0
DA:254,0
DA:260,0
DA:261,0
DA:262,0
DA:263,0
DA:274,1
DA:275,1
DA:276,1
DA:279,1
DA:280,1
DA:281,0
DA:283,0
DA:284,0
DA:289,1
DA:290,1
DA:291,1
DA:292,1
DA:297,1
DA:299,1
DA:300,1
DA:301,1
DA:302,0
DA:303,0
DA:304,0
DA:305,0
DA:306,0
DA:311,1
DA:313,1
DA:314,1
DA:315,0
DA:320,1
DA:321,1
DA:322,3
DA:324,0
DA:325,0
DA:327,0
DA:331,0
DA:332,0
DA:333,0
DA:336,0
DA:337,0
DA:338,0
DA:340,0
DA:341,0
DA:342,0
DA:343,0
DA:344,0
DA:347,0
DA:349,0
DA:350,0
DA:351,0
DA:352,0
DA:353,0
DA:354,0
DA:355,0
DA:356,0
DA:364,0
DA:365,0
DA:366,0
DA:367,0
DA:368,0
DA:389,1
DA:390,1
DA:391,3
LF:179
LH:70
end_of_record
SF:lib\models\evaluacion.dart
DA:10,2
DA:18,2
DA:19,3
DA:20,3
DA:23,0
DA:24,0
DA:26,0
DA:27,0
DA:28,0
DA:29,0
DA:31,0
DA:35,0
DA:36,0
DA:37,0
DA:38,0
DA:39,0
DA:40,0
LF:17
LH:4
end_of_record
SF:lib\services\auth_service.dart
DA:16,0
DA:17,0
DA:20,0
DA:22,0
DA:25,0
DA:31,0
DA:33,0
DA:36,0
DA:43,0
DA:46,0
DA:49,0
DA:53,0
DA:57,0
DA:58,0
DA:60,0
DA:63,0
DA:69,0
DA:71,0
DA:75,0
DA:76,0
LF:20
LH:0
end_of_record
SF:lib\services\evaluation_service.dart
DA:19,0
DA:21,0
DA:22,0
DA:23,0
DA:24,0
DA:25,0
DA:29,0
DA:31,0
DA:32,0
DA:33,0
DA:34,0
DA:35,0
DA:38,0
DA:40,0
DA:41,0
DA:44,0
DA:47,0
DA:50,0
DA:52,0
DA:55,0
DA:57,0
DA:61,0
DA:62,0
DA:63,0
DA:64,0
DA:65,0
DA:68,0
DA:69,0
DA:72,0
DA:73,0
DA:76,0
DA:77,0
DA:79,0
DA:82,0
DA:85,0
DA:86,0
LF:36
LH:0
end_of_record
SF:lib\screens\login_screen.dart
DA:6,1
DA:8,1
DA:9,1
DA:18,1
DA:20,2
DA:21,2
DA:22,1
DA:25,1
DA:26,3
DA:27,0
DA:29,0
DA:30,0
DA:31,0
DA:32,0
DA:34,0
DA:35,0
DA:38,0
DA:39,0
DA:40,0
DA:44,0
DA:45,0
DA:51,1
DA:53,1
DA:54,1
DA:56,3
DA:58,1
DA:59,1
DA:61,1
DA:62,1
DA:63,1
DA:66,1
DA:79,1
DA:80,1
DA:88,1
DA:89,1
DA:92,1
DA:99,1
DA:100,1
DA:107,1
DA:108,1
DA:111,2
DA:118,1
DA:119,2
DA:120,1
DA:122,3
DA:125,1
LF:46
LH:34
end_of_record
SF:lib\models\evaluation.dart
DA:8,1
DA:14,1
DA:17,2
LF:3
LH:3
end_of_record
SF:lib\widgets\team_info.dart
DA:7,1
DA:9,1
DA:11,1
DA:12,1
DA:14,1
DA:16,1
DA:18,3
DA:21,1
DA:23,1
DA:24,3
DA:25,1
DA:26,1
DA:27,4
DA:28,3
DA:31,1
LF:15
LH:15
end_of_record
